<?xml version="1.0" encoding="UTF-8"?>
<!-- Generated by org.testng.reporters.JUnitReportReporter -->
<testsuite hostname="DESKTOP-6UDNAA1" failures="0" tests="2" name="qaclickacademy.AppiumTest" time="0.014" errors="0" timestamp="15 Jun 2020 20:42:43 GMT" skipped="0">
  <testcase classname="qaclickacademy.AppiumTest" name="IOSApps" time="0.014"/>
  <testcase classname="qaclickacademy.AppiumTest" name="NativeAPpAndroid" time="0.000"/>
</testsuite> <!-- qaclickacademy.AppiumTest -->
